<?xml version="1.0" encoding="UTF-8"?>
<testng-results skipped="0" failed="0" ignored="0" total="1" passed="1">
  <reporter-output>
  </reporter-output>
  <suite name="Default suite" duration-ms="4032" started-at="2017-08-02T07:58:44Z" finished-at="2017-08-02T07:58:48Z">
    <groups>
    </groups>
    <test name="Default test" duration-ms="4032" started-at="2017-08-02T07:58:44Z" finished-at="2017-08-02T07:58:48Z">
      <class name="PP2017.gitTest.fu">
        <test-method status="PASS" signature="SearchHotel_001()[pri:0, instance:PP2017.gitTest.fu@bd4dc25]" name="SearchHotel_001" duration-ms="4008" started-at="2017-08-02T14:58:44Z" finished-at="2017-08-02T14:58:48Z">
          <reporter-output>
          </reporter-output>
        </test-method> <!-- SearchHotel_001 -->
        <test-method status="PASS" signature="afterTest()[pri:0, instance:PP2017.gitTest.fu@bd4dc25]" name="afterTest" is-config="true" duration-ms="0" started-at="2017-08-02T14:58:48Z" finished-at="2017-08-02T14:58:48Z">
          <reporter-output>
          </reporter-output>
        </test-method> <!-- afterTest -->
      </class> <!-- PP2017.gitTest.fu -->
    </test> <!-- Default test -->
  </suite> <!-- Default suite -->
</testng-results>
